<?xml version="1.0" encoding="UTF-8"?>
<!-- Generated by org.testng.reporters.JUnitReportReporter -->
<testsuite hostname="IN-7DWZBZ2" name="com.qa.testdocker.TestDockerOnChrome" tests="1" failures="0" timestamp="24 Dec 2019 06:13:45 GMT" time="2.486" errors="0">
  <testcase name="getGoogleTitleOnChrome" time="2.486" classname="com.qa.testdocker.TestDockerOnChrome"/>
</testsuite> <!-- com.qa.testdocker.TestDockerOnChrome -->
