<?xml version="1.0" encoding="UTF-8"?>
<!-- Generated by org.testng.reporters.JUnitReportReporter -->
<testsuite hostname="IN-7DWZBZ2" name="com.qa.testdocker.TestDockerOnFirefox" tests="1" failures="0" timestamp="24 Dec 2019 06:13:45 GMT" time="12.366" errors="0">
  <testcase name="getGoogleTitleOnFirefox" time="12.366" classname="com.qa.testdocker.TestDockerOnFirefox"/>
</testsuite> <!-- com.qa.testdocker.TestDockerOnFirefox -->
