<?xml version="1.0" encoding="UTF-8"?>
<!-- Generated by org.testng.reporters.JUnitReportReporter -->
<testsuite hostname="IN-7DWZBZ2" name="com.qa.testdocker.TestDockerOnChrome" tests="1" failures="0" timestamp="26 Dec 2019 10:40:25 GMT" time="1.843" errors="0">
  <testcase name="getGoogleTitleOnChrome" time="1.843" classname="com.qa.testdocker.TestDockerOnChrome"/>
</testsuite> <!-- com.qa.testdocker.TestDockerOnChrome -->
