<?xml version="1.0" encoding="UTF-8"?>
<!-- Generated by org.testng.reporters.JUnitReportReporter -->
<testsuite hostname="IN-7DWZBZ2" name="com.qa.testdocker.TestDockerOnFirefox" tests="1" failures="0" timestamp="26 Dec 2019 09:43:53 GMT" time="67.663" errors="0">
  <testcase name="getGoogleTitleOnFirefox" time="67.663" classname="com.qa.testdocker.TestDockerOnFirefox"/>
</testsuite> <!-- com.qa.testdocker.TestDockerOnFirefox -->
